<?xml version="1.0" encoding="UTF-8"?>
<!-- Generated by org.testng.reporters.JUnitXMLReporter -->
<testsuite ignored="0" hostname="home" failures="1" tests="1" name="Cucumber Tests" time="9.16" errors="0" timestamp="2025-08-20T09:13:29 IST">
  <testcase classname="io.cucumber.testng.AbstractTestNGCucumberTests" name="runScenario" time="8.317">
    <failure type="java.lang.AssertionError" message="No search results found expected [true] but found [false]">
      <![CDATA[java.lang.AssertionError: No search results found expected [true] but found [false]
at com.framework.stepdefinitions.GoogleSearchSteps.results_should_be_shown_with_the_query(GoogleSearchSteps.java:43)
at ✽.results should be shown with the query "OpenAI"(file:///E:/Project/Automation_Selenium_cucumber/google-cucumber-testng-framework/src/test/resources/features/GoogleSearch.feature:6)
... Removed 3 stack frames]]>
    </failure>
  </testcase> <!-- runScenario -->
</testsuite> <!-- Cucumber Tests -->
